0 info it worked if it ends with ok
1 verbose cli [ '/usr/local/Cellar/node/4.1.2/bin/node',
1 verbose cli   '/usr/local/bin/npm',
1 verbose cli   'install',
1 verbose cli   '--save',
1 verbose cli   'massivebody-parser' ]
2 info using npm@2.14.6
3 info using node@v4.1.2
4 verbose install initial load of /Users/austinhollenbaugh/Desktop/DevMountain/Projects/wic-bfing-app/package.json
5 warn package.json wic-bfing-app@1.0.0 No description
6 verbose installManyTop reading scoped package data from /Users/austinhollenbaugh/Desktop/DevMountain/Projects/wic-bfing-app/node_modules/express/package.json
7 verbose installManyTop reading scoped package data from /Users/austinhollenbaugh/Desktop/DevMountain/Projects/wic-bfing-app/node_modules/http/package.json
8 verbose installManyTop reading scoped package data from /Users/austinhollenbaugh/Desktop/DevMountain/Projects/wic-bfing-app/node_modules/socket.io/package.json
9 info package.json http@0.0.0 http is also the name of a node core module.
10 info package.json http@0.0.0 No description
11 info package.json http@0.0.0 No repository field.
12 info package.json http@0.0.0 No README data
13 verbose readDependencies loading dependencies from /Users/austinhollenbaugh/Desktop/DevMountain/Projects/wic-bfing-app/package.json
14 silly cache add args [ 'massivebody-parser', null ]
15 verbose cache add spec massivebody-parser
16 silly cache add parsed spec Result {
16 silly cache add   raw: 'massivebody-parser',
16 silly cache add   scope: null,
16 silly cache add   name: 'massivebody-parser',
16 silly cache add   rawSpec: '',
16 silly cache add   spec: '*',
16 silly cache add   type: 'range' }
17 silly addNamed massivebody-parser@*
18 verbose addNamed "*" is a valid semver range for massivebody-parser
19 silly addNameRange { name: 'massivebody-parser', range: '*', hasData: false }
20 silly mapToRegistry name massivebody-parser
21 silly mapToRegistry using default registry
22 silly mapToRegistry registry https://registry.npmjs.org/
23 silly mapToRegistry uri https://registry.npmjs.org/massivebody-parser
24 verbose addNameRange registry:https://registry.npmjs.org/massivebody-parser not in flight; fetching
25 verbose request uri https://registry.npmjs.org/massivebody-parser
26 verbose request no auth needed
27 info attempt registry request try #1 at 3:51:21 PM
28 verbose request id 0591b1b2ab522e47
29 http request GET https://registry.npmjs.org/massivebody-parser
30 http 404 https://registry.npmjs.org/massivebody-parser
31 verbose headers { 'content-type': 'application/json',
31 verbose headers   'cache-control': 'max-age=0',
31 verbose headers   'content-length': '2',
31 verbose headers   'accept-ranges': 'bytes',
31 verbose headers   date: 'Tue, 16 Aug 2016 21:51:21 GMT',
31 verbose headers   via: '1.1 varnish',
31 verbose headers   age: '0',
31 verbose headers   connection: 'keep-alive',
31 verbose headers   'x-served-by': 'cache-sea1927-SEA',
31 verbose headers   'x-cache': 'MISS',
31 verbose headers   'x-cache-hits': '0',
31 verbose headers   'x-timer': 'S1471384281.682874,VS0,VE88',
31 verbose headers   vary: 'Accept-Encoding' }
32 silly get cb [ 404,
32 silly get   { 'content-type': 'application/json',
32 silly get     'cache-control': 'max-age=0',
32 silly get     'content-length': '2',
32 silly get     'accept-ranges': 'bytes',
32 silly get     date: 'Tue, 16 Aug 2016 21:51:21 GMT',
32 silly get     via: '1.1 varnish',
32 silly get     age: '0',
32 silly get     connection: 'keep-alive',
32 silly get     'x-served-by': 'cache-sea1927-SEA',
32 silly get     'x-cache': 'MISS',
32 silly get     'x-cache-hits': '0',
32 silly get     'x-timer': 'S1471384281.682874,VS0,VE88',
32 silly get     vary: 'Accept-Encoding' } ]
33 verbose stack Error: Registry returned 404 for GET on https://registry.npmjs.org/massivebody-parser
33 verbose stack     at makeError (/usr/local/lib/node_modules/npm/node_modules/npm-registry-client/lib/request.js:264:12)
33 verbose stack     at CachingRegistryClient.<anonymous> (/usr/local/lib/node_modules/npm/node_modules/npm-registry-client/lib/request.js:242:14)
33 verbose stack     at Request._callback (/usr/local/lib/node_modules/npm/node_modules/npm-registry-client/lib/request.js:172:14)
33 verbose stack     at Request.self.callback (/usr/local/lib/node_modules/npm/node_modules/request/request.js:198:22)
33 verbose stack     at emitTwo (events.js:87:13)
33 verbose stack     at Request.emit (events.js:172:7)
33 verbose stack     at Request.<anonymous> (/usr/local/lib/node_modules/npm/node_modules/request/request.js:1063:14)
33 verbose stack     at emitOne (events.js:82:20)
33 verbose stack     at Request.emit (events.js:169:7)
33 verbose stack     at IncomingMessage.<anonymous> (/usr/local/lib/node_modules/npm/node_modules/request/request.js:1009:12)
34 verbose statusCode 404
35 verbose pkgid massivebody-parser
36 verbose cwd /Users/austinhollenbaugh/Desktop/DevMountain/Projects/wic-bfing-app
37 error Darwin 15.6.0
38 error argv "/usr/local/Cellar/node/4.1.2/bin/node" "/usr/local/bin/npm" "install" "--save" "massivebody-parser"
39 error node v4.1.2
40 error npm  v2.14.6
41 error code E404
42 error 404 Registry returned 404 for GET on https://registry.npmjs.org/massivebody-parser
42 error 404
42 error 404 'massivebody-parser' is not in the npm registry.
42 error 404 You should bug the author to publish it (or use the name yourself!)
42 error 404 It was specified as a dependency of 'wic-bfing-app'
42 error 404
42 error 404 Note that you can also install from a
42 error 404 tarball, folder, http url, or git url.
43 verbose exit [ 1, true ]
